0 info it worked if it ends with ok
1 verbose cli [ '/Users/jponchon/.nvm/versions/node/v6.5.0/bin/node',
1 verbose cli   '/Users/jponchon/.nvm/versions/node/v6.5.0/bin/npm',
1 verbose cli   'run-script',
1 verbose cli   'standard' ]
2 info using npm@3.10.3
3 info using node@v6.5.0
4 verbose run-script [ 'prestandard', 'standard', 'poststandard' ]
5 info lifecycle basicnotp@1.0.0~prestandard: basicnotp@1.0.0
6 silly lifecycle basicnotp@1.0.0~prestandard: no script for prestandard, continuing
7 info lifecycle basicnotp@1.0.0~standard: basicnotp@1.0.0
8 verbose lifecycle basicnotp@1.0.0~standard: unsafe-perm in lifecycle true
9 verbose lifecycle basicnotp@1.0.0~standard: PATH: /Users/jponchon/.nvm/versions/node/v6.5.0/lib/node_modules/npm/bin/node-gyp-bin:/Users/jponchon/Git/nodys/basicnotp/node_modules/.bin:/Users/jponchon/.nvm/versions/node/v6.5.0/bin:/Users/jponchon/.nvm/versions/node/v6.5.0/bin:/Library/TeX/texbin:/usr/local/sbin:./bin:/Users/jponchon/.local/bin:./node_modules/.bin:/Users/jponchon/bin:/Users/jponchon/.local/bin:/usr/local/lib/zsh_shared/bin:./bin:./node_modules/.bin:/usr/local/bin:/usr/local/bin:/usr/bin:/bin:/usr/sbin:/sbin:/opt/X11/bin:/usr/local/MacGPG2/bin:/Library/TeX/texbin
10 verbose lifecycle basicnotp@1.0.0~standard: CWD: /Users/jponchon/Git/nodys/basicnotp
11 silly lifecycle basicnotp@1.0.0~standard: Args: [ '-c', 'standard "**/*.{vue,js}"' ]
12 silly lifecycle basicnotp@1.0.0~standard: Returned: code: 1  signal: null
13 info lifecycle basicnotp@1.0.0~standard: Failed to exec standard script
14 verbose stack Error: basicnotp@1.0.0 standard: `standard "**/*.{vue,js}"`
14 verbose stack Exit status 1
14 verbose stack     at EventEmitter.<anonymous> (/Users/jponchon/.nvm/versions/node/v6.5.0/lib/node_modules/npm/lib/utils/lifecycle.js:242:16)
14 verbose stack     at emitTwo (events.js:106:13)
14 verbose stack     at EventEmitter.emit (events.js:191:7)
14 verbose stack     at ChildProcess.<anonymous> (/Users/jponchon/.nvm/versions/node/v6.5.0/lib/node_modules/npm/lib/utils/spawn.js:40:14)
14 verbose stack     at emitTwo (events.js:106:13)
14 verbose stack     at ChildProcess.emit (events.js:191:7)
14 verbose stack     at maybeClose (internal/child_process.js:877:16)
14 verbose stack     at Process.ChildProcess._handle.onexit (internal/child_process.js:226:5)
15 verbose pkgid basicnotp@1.0.0
16 verbose cwd /Users/jponchon/Git/nodys/basicnotp
17 error Darwin 15.6.0
18 error argv "/Users/jponchon/.nvm/versions/node/v6.5.0/bin/node" "/Users/jponchon/.nvm/versions/node/v6.5.0/bin/npm" "run-script" "standard"
19 error node v6.5.0
20 error npm  v3.10.3
21 error code ELIFECYCLE
22 error basicnotp@1.0.0 standard: `standard "**/*.{vue,js}"`
22 error Exit status 1
23 error Failed at the basicnotp@1.0.0 standard script 'standard "**/*.{vue,js}"'.
23 error Make sure you have the latest version of node.js and npm installed.
23 error If you do, this is most likely a problem with the basicnotp package,
23 error not with npm itself.
23 error Tell the author that this fails on your system:
23 error     standard "**/*.{vue,js}"
23 error You can get information on how to open an issue for this project with:
23 error     npm bugs basicnotp
23 error Or if that isn't available, you can get their info via:
23 error     npm owner ls basicnotp
23 error There is likely additional logging output above.
24 verbose exit [ 1, true ]
